2026-03-19 15:08:58  INFO      Log file: /Users/yashvinayvanshi/Desktop/protein_fold/3D/outputs/logs/train_3d_20260319_150858.log
2026-03-19 15:08:58  INFO      Device: cpu
2026-03-19 15:08:58  INFO      Loading CIF files from: /Users/yashvinayvanshi/Desktop/protein_fold/3D/pdb_dataset
2026-03-19 15:08:58  INFO        Parsing CIF files … 100/200
2026-03-19 15:08:59  INFO        Parsing CIF files … 200/200
2026-03-19 15:08:59  INFO      Dataset: 200 proteins loaded, 0 skipped.
2026-03-19 15:08:59  INFO      Train batches: 23 | Val batches: 3
2026-03-19 15:08:59  INFO      Model parameters: 2,709,955
2026-03-19 15:08:59  INFO      Config: {'vocab_size': 22, 'embed_dim': 64, 'num_filters': 192, 'lstm_hidden': 256, 'lstm_layers': 2, 'dropout': 0.3, 'pad_idx': 21, 'max_len': 256}
2026-03-19 15:09:03  INFO      ============================================================
2026-03-19 15:09:03  INFO      Starting training: 3 epochs
2026-03-19 15:09:03  INFO      ============================================================
2026-03-19 15:09:03  INFO      
Epoch 1/3
2026-03-19 15:09:16  INFO        train_loss=93.9009  val_loss=116.0602  val_RMSD=16.42 Å  lr=1.00e-03  time=12.1s
2026-03-19 15:09:16  INFO        ✓ New best checkpoint (val_loss=116.0602)
2026-03-19 15:09:16  INFO      
Epoch 2/3
2026-03-19 15:09:28  INFO        train_loss=78.6902  val_loss=89.9342  val_RMSD=13.48 Å  lr=1.00e-03  time=12.2s
2026-03-19 15:09:28  INFO        ✓ New best checkpoint (val_loss=89.9342)
2026-03-19 15:09:28  INFO      
Epoch 3/3
2026-03-19 15:09:40  INFO        train_loss=69.3330  val_loss=78.3805  val_RMSD=12.69 Å  lr=1.00e-03  time=12.1s
2026-03-19 15:09:40  INFO        ✓ New best checkpoint (val_loss=78.3805)
2026-03-19 15:09:40  INFO      
============================================================
2026-03-19 15:09:40  INFO      Training complete
2026-03-19 15:09:40  INFO        Total time : 0.6 min
2026-03-19 15:09:40  INFO        Best epoch : 3  val_loss=78.3805  val_RMSD=12.69 Å
2026-03-19 15:09:40  INFO      ============================================================
2026-03-19 15:09:40  INFO      Results saved → /Users/yashvinayvanshi/Desktop/protein_fold/3D/outputs/train_results_3d.json
