01:23:25 [INFO] Log file: logs/train_20260318_012325.log
01:23:25 [INFO] Device: cpu
01:23:25 [INFO] === Loading data ===
01:23:25 [INFO] Loaded 9078 sequences from 2018-06-06-pdb-intersect-pisces.csv
01:23:25 [INFO] Dropped 84 sequences with non-standard AAs → 8994 remaining
01:23:25 [INFO] Split → Train: 8094 | Val: 900 sequences
01:23:25 [INFO] Resolved max_len: 256
01:23:25 [INFO] === Building model ===
01:23:25 [INFO] Trainable parameters: 2,694,083
01:23:25 [INFO] Architecture:
ProteinSSPredictor(
  (embedding): Embedding(22, 64, padding_idx=21)
  (cnn): MultiScaleCNN(
    (convs): ModuleList(
      (0): Sequential(
        (0): Conv1d(64, 64, kernel_size=(3,), stride=(1,), padding=(1,))
        (1): ReLU()
        (2): BatchNorm1d(64, eps=1e-05, momentum=0.1, affine=True, track_running_stats=True)
      )
      (1): Sequential(
        (0): Conv1d(64, 64, kernel_size=(5,), stride=(1,), padding=(2,))
        (1): ReLU()
        (2): BatchNorm1d(64, eps=1e-05, momentum=0.1, affine=True, track_running_stats=True)
      )
      (2): Sequential(
        (0): Conv1d(64, 64, kernel_size=(7,), stride=(1,), padding=(3,))
        (1): ReLU()
        (2): BatchNorm1d(64, eps=1e-05, momentum=0.1, affine=True, track_running_stats=True)
      )
    )
  )
  (dropout): Dropout(p=0.3, inplace=False)
  (bilstm): LSTM(192, 256, num_layers=2, batch_first=True, dropout=0.3, bidirectional=True)
  (classifier): Sequential(
    (0): Linear(in_features=512, out_features=256, bias=True)
    (1): ReLU()
    (2): Dropout(p=0.3, inplace=False)
    (3): Linear(in_features=256, out_features=3, bias=True)
  )
)
01:23:26 [INFO] Config saved to checkpoints/config.json
01:23:26 [INFO] === Training for 30 epochs ===
