01:24:41 [INFO] Log file: logs/train_20260318_012441.log
01:24:41 [INFO] Device: cpu
01:24:41 [INFO] === Loading data ===
01:24:41 [INFO] Loaded 9078 sequences from 2018-06-06-pdb-intersect-pisces.csv
01:24:41 [INFO] Dropped 84 sequences with non-standard AAs → 8994 remaining
01:24:41 [INFO] Split → Train: 8094 | Val: 900 sequences
01:24:41 [INFO] Resolved max_len: 256
01:24:41 [INFO] === Building model ===
01:24:41 [INFO] Trainable parameters: 2,694,083
01:24:41 [INFO] Architecture:
ProteinSSPredictor(
  (embedding): Embedding(22, 64, padding_idx=21)
  (cnn): MultiScaleCNN(
    (convs): ModuleList(
      (0): Sequential(
        (0): Conv1d(64, 64, kernel_size=(3,), stride=(1,), padding=(1,))
        (1): ReLU()
        (2): BatchNorm1d(64, eps=1e-05, momentum=0.1, affine=True, track_running_stats=True)
      )
      (1): Sequential(
        (0): Conv1d(64, 64, kernel_size=(5,), stride=(1,), padding=(2,))
        (1): ReLU()
        (2): BatchNorm1d(64, eps=1e-05, momentum=0.1, affine=True, track_running_stats=True)
      )
      (2): Sequential(
        (0): Conv1d(64, 64, kernel_size=(7,), stride=(1,), padding=(3,))
        (1): ReLU()
        (2): BatchNorm1d(64, eps=1e-05, momentum=0.1, affine=True, track_running_stats=True)
      )
    )
  )
  (dropout): Dropout(p=0.3, inplace=False)
  (bilstm): LSTM(192, 256, num_layers=2, batch_first=True, dropout=0.3, bidirectional=True)
  (classifier): Sequential(
    (0): Linear(in_features=512, out_features=256, bias=True)
    (1): ReLU()
    (2): Dropout(p=0.3, inplace=False)
    (3): Linear(in_features=256, out_features=3, bias=True)
  )
)
01:24:42 [INFO] Config saved to checkpoints/config.json
01:24:42 [INFO] === Training for 3 epochs ===
01:28:00 [INFO] Epoch [  1/3] train_loss=0.7836  train_Q3=0.6531  val_loss=0.7023  val_Q3=0.6940  lr=1.00e-03
01:28:00 [INFO]   Val precision  C=0.6901  H=0.7347  E=0.6360
01:28:00 [INFO]   Val recall     C=0.7450  H=0.7039  E=0.5817
01:28:00 [INFO]   Val F1         C=0.7165  H=0.7190  E=0.6076
01:28:00 [INFO]   ✓ New best model → val_Q3=0.6940 saved to checkpoints/best_model.pt
01:31:26 [INFO] Epoch [  2/3] train_loss=0.7102  train_Q3=0.6926  val_loss=0.6800  val_Q3=0.7037  lr=1.00e-03
01:31:26 [INFO]   Val precision  C=0.7006  H=0.7195  E=0.6798
01:31:26 [INFO]   Val recall     C=0.7470  H=0.7483  E=0.5522
01:31:26 [INFO]   Val F1         C=0.7231  H=0.7336  E=0.6094
01:31:27 [INFO]   ✓ New best model → val_Q3=0.7037 saved to checkpoints/best_model.pt
01:36:21 [INFO] Epoch [  3/3] train_loss=0.6910  train_Q3=0.7019  val_loss=0.6675  val_Q3=0.7084  lr=1.00e-03
01:36:21 [INFO]   Val precision  C=0.7092  H=0.7386  E=0.6546
01:36:21 [INFO]   Val recall     C=0.7389  H=0.7423  E=0.5977
01:36:21 [INFO]   Val F1         C=0.7237  H=0.7404  E=0.6249
01:36:21 [INFO]   ✓ New best model → val_Q3=0.7084 saved to checkpoints/best_model.pt
01:36:21 [INFO] Last model saved to checkpoints/last_model.pt
01:36:21 [INFO] Validation results saved to checkpoints/validation_results.json
01:36:21 [INFO] === Done — Best Val Q3 Accuracy: 0.7084 ===
